{"level":"info","message":"Database \"market-place\" created successfully.","timestamp":"2025-10-04T12:51:17.630Z"}
{"level":"info","message":"Database connection established successfully.","timestamp":"2025-10-04T12:51:17.662Z"}
{"level":"info","message":"Schema auth created or already exists","timestamp":"2025-10-04T12:51:17.667Z"}
{"level":"info","message":"Schema config created or already exists","timestamp":"2025-10-04T12:51:17.669Z"}
{"level":"info","message":"Schema allotment created or already exists","timestamp":"2025-10-04T12:51:17.671Z"}
{"level":"info","message":"Schema lov created or already exists","timestamp":"2025-10-04T12:51:17.671Z"}
{"level":"info","message":"Schema notifications created or already exists","timestamp":"2025-10-04T12:51:17.672Z"}
{"level":"info","message":"Schema audit created or already exists","timestamp":"2025-10-04T12:51:17.673Z"}
{"level":"info","message":"database -> auth schema created","timestamp":"2025-10-04T12:51:17.673Z"}
{"level":"info","message":"database -> config schema created","timestamp":"2025-10-04T12:51:17.673Z"}
{"level":"info","message":"database -> allotment schema created","timestamp":"2025-10-04T12:51:17.673Z"}
{"level":"info","message":"database -> lov schema created","timestamp":"2025-10-04T12:51:17.673Z"}
{"level":"info","message":"database -> notifications schema created","timestamp":"2025-10-04T12:51:17.673Z"}
{"level":"info","message":"database -> audit schema created","timestamp":"2025-10-04T12:51:17.674Z"}
{"level":"info","message":"Extensions have been created successfully.","timestamp":"2025-10-04T12:51:18.415Z"}
{"level":"info","message":"Database schemas and models initialized successfully","timestamp":"2025-10-04T12:51:18.416Z"}
{"level":"info","message":"Database initialization completed.","timestamp":"2025-10-04T12:51:18.416Z"}
{"level":"info","message":"Server listening on port 9001","timestamp":"2025-10-04T12:51:18.420Z"}
{"level":"info","message":"Server listening on port 9001","timestamp":"2025-10-04T12:51:18.420Z"}
{"level":"info","message":"Database \"market-place\" already exists.","timestamp":"2025-10-04T12:52:27.248Z"}
{"level":"info","message":"Database connection established successfully.","timestamp":"2025-10-04T12:52:27.269Z"}
{"level":"info","message":"Schema auth created or already exists","timestamp":"2025-10-04T12:52:27.270Z"}
{"level":"info","message":"Schema lov created or already exists","timestamp":"2025-10-04T12:52:27.271Z"}
{"level":"info","message":"Schema notification created or already exists","timestamp":"2025-10-04T12:52:27.272Z"}
{"level":"info","message":"Schema audit created or already exists","timestamp":"2025-10-04T12:52:27.272Z"}
{"level":"info","message":"database -> auth schema created","timestamp":"2025-10-04T12:52:27.272Z"}
{"level":"info","message":"database -> lov schema created","timestamp":"2025-10-04T12:52:27.272Z"}
{"level":"info","message":"database -> notification schema created","timestamp":"2025-10-04T12:52:27.273Z"}
{"level":"info","message":"database -> audit schema created","timestamp":"2025-10-04T12:52:27.273Z"}
{"level":"info","message":"Extensions have been created successfully.","timestamp":"2025-10-04T12:52:27.273Z"}
{"level":"info","message":"Database schemas and models initialized successfully","timestamp":"2025-10-04T12:52:27.273Z"}
{"level":"info","message":"Database initialization completed.","timestamp":"2025-10-04T12:52:27.273Z"}
{"level":"info","message":"Server listening on port 9001","timestamp":"2025-10-04T12:52:27.274Z"}
{"level":"info","message":"Server listening on port 9001","timestamp":"2025-10-04T12:52:27.274Z"}
{"level":"info","message":"Database \"market-place\" created successfully.","timestamp":"2025-10-04T12:52:46.992Z"}
{"level":"info","message":"Database connection established successfully.","timestamp":"2025-10-04T12:52:47.006Z"}
{"level":"info","message":"Schema auth created or already exists","timestamp":"2025-10-04T12:52:47.008Z"}
{"level":"info","message":"Schema lov created or already exists","timestamp":"2025-10-04T12:52:47.008Z"}
{"level":"info","message":"Schema notification created or already exists","timestamp":"2025-10-04T12:52:47.009Z"}
{"level":"info","message":"Schema audit created or already exists","timestamp":"2025-10-04T12:52:47.009Z"}
{"level":"info","message":"database -> auth schema created","timestamp":"2025-10-04T12:52:47.009Z"}
{"level":"info","message":"database -> lov schema created","timestamp":"2025-10-04T12:52:47.009Z"}
{"level":"info","message":"database -> notification schema created","timestamp":"2025-10-04T12:52:47.009Z"}
{"level":"info","message":"database -> audit schema created","timestamp":"2025-10-04T12:52:47.010Z"}
{"level":"info","message":"Extensions have been created successfully.","timestamp":"2025-10-04T12:52:47.265Z"}
{"level":"info","message":"Database schemas and models initialized successfully","timestamp":"2025-10-04T12:52:47.265Z"}
{"level":"info","message":"Database initialization completed.","timestamp":"2025-10-04T12:52:47.265Z"}
{"level":"info","message":"Server listening on port 9001","timestamp":"2025-10-04T12:52:47.269Z"}
{"level":"info","message":"Server listening on port 9001","timestamp":"2025-10-04T12:52:47.269Z"}
{"level":"info","message":"Database \"market-place\" already exists.","timestamp":"2025-10-04T13:05:23.705Z"}
{"level":"info","message":"Database connection established successfully.","timestamp":"2025-10-04T13:05:23.723Z"}
{"level":"info","message":"Schema auth created or already exists","timestamp":"2025-10-04T13:05:23.725Z"}
{"level":"info","message":"Schema lov created or already exists","timestamp":"2025-10-04T13:05:23.725Z"}
{"level":"info","message":"Schema notification created or already exists","timestamp":"2025-10-04T13:05:23.725Z"}
{"level":"info","message":"Schema audit created or already exists","timestamp":"2025-10-04T13:05:23.726Z"}
{"level":"info","message":"database -> auth schema created","timestamp":"2025-10-04T13:05:23.726Z"}
{"level":"info","message":"database -> lov schema created","timestamp":"2025-10-04T13:05:23.726Z"}
{"level":"info","message":"database -> notification schema created","timestamp":"2025-10-04T13:05:23.726Z"}
{"level":"info","message":"database -> audit schema created","timestamp":"2025-10-04T13:05:23.726Z"}
{"level":"info","message":"Extensions have been created successfully.","timestamp":"2025-10-04T13:05:23.727Z"}
{"level":"info","message":"Database schemas and models initialized successfully","timestamp":"2025-10-04T13:05:23.727Z"}
{"level":"info","message":"Database initialization completed.","timestamp":"2025-10-04T13:05:23.727Z"}
{"level":"info","message":"Server listening on port 9001","timestamp":"2025-10-04T13:05:23.728Z"}
{"level":"info","message":"Server listening on port 9001","timestamp":"2025-10-04T13:05:23.728Z"}
{"level":"info","message":"Database \"market-place\" already exists.","timestamp":"2025-10-04T13:06:22.444Z"}
{"level":"info","message":"Database connection established successfully.","timestamp":"2025-10-04T13:06:22.467Z"}
{"level":"info","message":"Schema auth created or already exists","timestamp":"2025-10-04T13:06:22.468Z"}
{"level":"info","message":"Schema lov created or already exists","timestamp":"2025-10-04T13:06:22.469Z"}
{"level":"info","message":"Schema notification created or already exists","timestamp":"2025-10-04T13:06:22.469Z"}
{"level":"info","message":"Schema audit created or already exists","timestamp":"2025-10-04T13:06:22.469Z"}
{"level":"info","message":"database -> auth schema created","timestamp":"2025-10-04T13:06:22.469Z"}
{"level":"info","message":"database -> lov schema created","timestamp":"2025-10-04T13:06:22.469Z"}
{"level":"info","message":"database -> notification schema created","timestamp":"2025-10-04T13:06:22.470Z"}
{"level":"info","message":"database -> audit schema created","timestamp":"2025-10-04T13:06:22.470Z"}
{"level":"info","message":"Extensions have been created successfully.","timestamp":"2025-10-04T13:06:22.470Z"}
{"level":"info","message":"Database schemas and models initialized successfully","timestamp":"2025-10-04T13:06:22.470Z"}
{"level":"info","message":"Database initialization completed.","timestamp":"2025-10-04T13:06:22.470Z"}
{"level":"info","message":"Server listening on port 9001","timestamp":"2025-10-04T13:06:22.471Z"}
{"level":"info","message":"Server listening on port 9001","timestamp":"2025-10-04T13:06:22.471Z"}
{"level":"info","message":"Database \"market-place\" already exists.","timestamp":"2025-10-04T13:10:50.547Z"}
{"level":"info","message":"Database connection established successfully.","timestamp":"2025-10-04T13:10:50.574Z"}
{"level":"info","message":"Schema auth created or already exists","timestamp":"2025-10-04T13:10:50.576Z"}
{"level":"info","message":"Schema lov created or already exists","timestamp":"2025-10-04T13:10:50.576Z"}
{"level":"info","message":"Schema notification created or already exists","timestamp":"2025-10-04T13:10:50.577Z"}
{"level":"info","message":"Schema audit created or already exists","timestamp":"2025-10-04T13:10:50.578Z"}
{"level":"info","message":"database -> auth schema created","timestamp":"2025-10-04T13:10:50.578Z"}
{"level":"info","message":"database -> lov schema created","timestamp":"2025-10-04T13:10:50.579Z"}
{"level":"info","message":"database -> notification schema created","timestamp":"2025-10-04T13:10:50.579Z"}
{"level":"info","message":"database -> audit schema created","timestamp":"2025-10-04T13:10:50.579Z"}
{"level":"info","message":"Extensions have been created successfully.","timestamp":"2025-10-04T13:10:50.580Z"}
{"level":"info","message":"Database schemas and models initialized successfully","timestamp":"2025-10-04T13:10:50.580Z"}
{"level":"info","message":"Database initialization completed.","timestamp":"2025-10-04T13:10:50.580Z"}
{"level":"info","message":"Server listening on port 9001","timestamp":"2025-10-04T13:10:50.581Z"}
{"level":"info","message":"Server listening on port 9001","timestamp":"2025-10-04T13:10:50.581Z"}
{"level":"info","message":"Database \"market-place\" already exists.","timestamp":"2025-10-04T13:12:35.568Z"}
{"level":"info","message":"Database connection established successfully.","timestamp":"2025-10-04T13:12:35.594Z"}
{"level":"info","message":"Schema auth created or already exists","timestamp":"2025-10-04T13:12:35.595Z"}
{"level":"info","message":"Schema lov created or already exists","timestamp":"2025-10-04T13:12:35.595Z"}
{"level":"info","message":"Schema notification created or already exists","timestamp":"2025-10-04T13:12:35.596Z"}
{"level":"info","message":"Schema audit created or already exists","timestamp":"2025-10-04T13:12:35.596Z"}
{"level":"info","message":"database -> auth schema created","timestamp":"2025-10-04T13:12:35.596Z"}
{"level":"info","message":"database -> lov schema created","timestamp":"2025-10-04T13:12:35.596Z"}
{"level":"info","message":"database -> notification schema created","timestamp":"2025-10-04T13:12:35.596Z"}
{"level":"info","message":"database -> audit schema created","timestamp":"2025-10-04T13:12:35.596Z"}
{"level":"info","message":"Extensions have been created successfully.","timestamp":"2025-10-04T13:12:35.597Z"}
{"level":"info","message":"Database schemas and models initialized successfully","timestamp":"2025-10-04T13:12:35.597Z"}
{"level":"info","message":"Database initialization completed.","timestamp":"2025-10-04T13:12:35.597Z"}
{"level":"info","message":"Server listening on port 9001","timestamp":"2025-10-04T13:12:35.598Z"}
{"level":"info","message":"Server listening on port 9001","timestamp":"2025-10-04T13:12:35.598Z"}
{"level":"info","message":"Database \"market-place\" created successfully.","timestamp":"2025-10-04T14:52:31.494Z"}
{"level":"info","message":"Database connection established successfully.","timestamp":"2025-10-04T14:52:31.514Z"}
{"level":"info","message":"Schema auth created or already exists","timestamp":"2025-10-04T14:52:31.516Z"}
{"level":"info","message":"Schema lov created or already exists","timestamp":"2025-10-04T14:52:31.517Z"}
{"level":"info","message":"Schema notification created or already exists","timestamp":"2025-10-04T14:52:31.517Z"}
{"level":"info","message":"Schema audit created or already exists","timestamp":"2025-10-04T14:52:31.518Z"}
{"level":"info","message":"database -> auth schema created","timestamp":"2025-10-04T14:52:31.518Z"}
{"level":"info","message":"database -> lov schema created","timestamp":"2025-10-04T14:52:31.518Z"}
{"level":"info","message":"database -> notification schema created","timestamp":"2025-10-04T14:52:31.518Z"}
{"level":"info","message":"database -> audit schema created","timestamp":"2025-10-04T14:52:31.519Z"}
{"level":"info","message":"Extensions have been created successfully.","timestamp":"2025-10-04T14:52:31.848Z"}
{"level":"info","message":"Database schemas and models initialized successfully","timestamp":"2025-10-04T14:52:31.868Z"}
{"level":"info","message":"Database initialization completed.","timestamp":"2025-10-04T14:52:31.869Z"}
{"level":"info","message":"Server listening on port 9001","timestamp":"2025-10-04T14:52:31.871Z"}
{"level":"info","message":"Server listening on port 9001","timestamp":"2025-10-04T14:52:31.871Z"}
{"level":"info","message":"Database \"market-place\" created successfully.","timestamp":"2025-10-04T15:58:29.119Z"}
{"level":"info","message":"Database connection established successfully.","timestamp":"2025-10-04T15:58:29.131Z"}
{"level":"info","message":"Schema auth created or already exists","timestamp":"2025-10-04T15:58:29.133Z"}
{"level":"info","message":"Schema lov created or already exists","timestamp":"2025-10-04T15:58:29.134Z"}
{"level":"info","message":"Schema notification created or already exists","timestamp":"2025-10-04T15:58:29.134Z"}
{"level":"info","message":"Schema audit created or already exists","timestamp":"2025-10-04T15:58:29.135Z"}
{"level":"info","message":"database -> auth schema created","timestamp":"2025-10-04T15:58:29.135Z"}
{"level":"info","message":"database -> lov schema created","timestamp":"2025-10-04T15:58:29.135Z"}
{"level":"info","message":"database -> notification schema created","timestamp":"2025-10-04T15:58:29.135Z"}
{"level":"info","message":"database -> audit schema created","timestamp":"2025-10-04T15:58:29.135Z"}
{"level":"info","message":"Extensions have been created successfully.","timestamp":"2025-10-04T15:58:29.388Z"}
{"level":"info","message":"Database schemas and models initialized successfully","timestamp":"2025-10-04T15:58:29.407Z"}
{"level":"info","message":"Database initialization completed.","timestamp":"2025-10-04T15:58:29.408Z"}
{"level":"info","message":"Server listening on port 9001","timestamp":"2025-10-04T15:58:29.410Z"}
{"level":"info","message":"Server listening on port 9001","timestamp":"2025-10-04T15:58:29.410Z"}
